<?xml version="1.0" encoding="UTF-8"?>
<!-- Generated by org.testng.reporters.JUnitReportReporter -->
<testsuite hostname="DESKTOP-BNIMVUJ" failures="0" tests="4" name="com.Selenium.maintest.mainTest1" time="53.966" errors="0" timestamp="2021-03-13T17:50:54 IST" skipped="0">
  <testcase classname="com.Selenium.maintest.mainTest1" name="bookself" time="22.930"/>
  <system-out/>
  <testcase classname="com.Selenium.maintest.mainTest1" name="Collection" time="7.915"/>
  <system-out/>
  <testcase classname="com.Selenium.maintest.mainTest1" name="giftCard" time="11.708"/>
  <system-out/>
  <testcase classname="com.Selenium.maintest.mainTest1" name="highlyRecommendedStudyChair" time="11.413"/>
  <system-out>

The price of the first three study chair Mika Study Chair : Rs.10879 Dorsey Study Chair : Rs.4124 Hawley Study Chair : Rs.5949  </system-out>
</testsuite> <!-- com.Selenium.maintest.mainTest1 -->
