<?xml version="1.0" encoding="UTF-8"?>
<!-- Generated by org.testng.reporters.JUnitReportReporter -->
<testsuite hostname="DESKTOP-BNIMVUJ" failures="0" tests="4" name="com.Selenium.maintest.mainTest1" time="80.317" errors="0" timestamp="2021-03-17T02:18:21 IST" skipped="0">
  <testcase classname="com.Selenium.maintest.mainTest1" name="bookself" time="37.085"/>
  <system-out/>
  <testcase classname="com.Selenium.maintest.mainTest1" name="Collection" time="7.563"/>
  <system-out/>
  <testcase classname="com.Selenium.maintest.mainTest1" name="giftCard" time="21.042"/>
  <system-out/>
  <testcase classname="com.Selenium.maintest.mainTest1" name="highlyRecommendedStudyChair" time="14.627"/>
  <system-out>

The price of the first three study chair Dorsey Study Chair : Rs.4124 Mika Study Chair : Rs.10879 Galen Study Chair : Rs.7699  </system-out>
</testsuite> <!-- com.Selenium.maintest.mainTest1 -->
